<?xml version="1.0" encoding="UTF-8"?>
<testsuite xmlns:xsi="http://www.w3.org/2001/XMLSchema-instance" xsi:noNamespaceSchemaLocation="https://maven.apache.org/surefire/maven-surefire-plugin/xsd/surefire-test-report.xsd" name="com.udacity.catpoint.AppTest" time="0.008" tests="0" errors="0" skipped="0" failures="0">
  <properties>
    <property name="java.specification.version" value="18"/>
    <property name="sun.cpu.isalist" value="amd64"/>
    <property name="sun.jnu.encoding" value="Cp1252"/>
    <property name="java.class.path" value="C:\Users\dyana\IdeaProjects\UdaSecurityProject\UdaSecurityProject\catpoint-parent\target\test-classes;C:\Users\dyana\IdeaProjects\UdaSecurityProject\UdaSecurityProject\catpoint-parent\target\classes;C:\Users\dyana\.m2\repository\com\miglayout\miglayout-swing\5.2\miglayout-swing-5.2.jar;C:\Users\dyana\.m2\repository\com\miglayout\miglayout-core\5.2\miglayout-core-5.2.jar;C:\Users\dyana\.m2\repository\com\google\guava\guava\12.0.1\guava-12.0.1.jar;C:\Users\dyana\.m2\repository\com\google\code\findbugs\jsr305\1.3.9\jsr305-1.3.9.jar;C:\Users\dyana\.m2\repository\com\google\code\gson\gson\2.9.1\gson-2.9.1.jar;C:\Users\dyana\.m2\repository\org\slf4j\slf4j-api\2.0.3\slf4j-api-2.0.3.jar;C:\Users\dyana\.m2\repository\software\amazon\awssdk\auth\2.17.286\auth-2.17.286.jar;C:\Users\dyana\.m2\repository\software\amazon\awssdk\annotations\2.17.286\annotations-2.17.286.jar;C:\Users\dyana\.m2\repository\software\amazon\awssdk\utils\2.17.286\utils-2.17.286.jar;C:\Users\dyana\.m2\repository\org\reactivestreams\reactive-streams\1.0.3\reactive-streams-1.0.3.jar;C:\Users\dyana\.m2\repository\software\amazon\awssdk\sdk-core\2.17.286\sdk-core-2.17.286.jar;C:\Users\dyana\.m2\repository\software\amazon\awssdk\regions\2.17.286\regions-2.17.286.jar;C:\Users\dyana\.m2\repository\software\amazon\awssdk\profiles\2.17.286\profiles-2.17.286.jar;C:\Users\dyana\.m2\repository\software\amazon\awssdk\http-client-spi\2.17.286\http-client-spi-2.17.286.jar;C:\Users\dyana\.m2\repository\software\amazon\awssdk\json-utils\2.17.286\json-utils-2.17.286.jar;C:\Users\dyana\.m2\repository\software\amazon\awssdk\third-party-jackson-core\2.17.286\third-party-jackson-core-2.17.286.jar;C:\Users\dyana\.m2\repository\software\amazon\eventstream\eventstream\1.0.1\eventstream-1.0.1.jar;C:\Users\dyana\.m2\repository\software\amazon\awssdk\rekognition\2.17.286\rekognition-2.17.286.jar;C:\Users\dyana\.m2\repository\software\amazon\awssdk\aws-json-protocol\2.17.286\aws-json-protocol-2.17.286.jar;C:\Users\dyana\.m2\repository\software\amazon\awssdk\protocol-core\2.17.286\protocol-core-2.17.286.jar;C:\Users\dyana\.m2\repository\software\amazon\awssdk\aws-core\2.17.286\aws-core-2.17.286.jar;C:\Users\dyana\.m2\repository\software\amazon\awssdk\metrics-spi\2.17.286\metrics-spi-2.17.286.jar;C:\Users\dyana\.m2\repository\software\amazon\awssdk\apache-client\2.17.286\apache-client-2.17.286.jar;C:\Users\dyana\.m2\repository\org\apache\httpcomponents\httpclient\4.5.13\httpclient-4.5.13.jar;C:\Users\dyana\.m2\repository\commons-logging\commons-logging\1.2\commons-logging-1.2.jar;C:\Users\dyana\.m2\repository\commons-codec\commons-codec\1.11\commons-codec-1.11.jar;C:\Users\dyana\.m2\repository\org\apache\httpcomponents\httpcore\4.4.13\httpcore-4.4.13.jar;C:\Users\dyana\.m2\repository\software\amazon\awssdk\netty-nio-client\2.17.286\netty-nio-client-2.17.286.jar;C:\Users\dyana\.m2\repository\io\netty\netty-codec-http\4.1.77.Final\netty-codec-http-4.1.77.Final.jar;C:\Users\dyana\.m2\repository\io\netty\netty-codec-http2\4.1.77.Final\netty-codec-http2-4.1.77.Final.jar;C:\Users\dyana\.m2\repository\io\netty\netty-codec\4.1.77.Final\netty-codec-4.1.77.Final.jar;C:\Users\dyana\.m2\repository\io\netty\netty-transport\4.1.77.Final\netty-transport-4.1.77.Final.jar;C:\Users\dyana\.m2\repository\io\netty\netty-resolver\4.1.77.Final\netty-resolver-4.1.77.Final.jar;C:\Users\dyana\.m2\repository\io\netty\netty-common\4.1.77.Final\netty-common-4.1.77.Final.jar;C:\Users\dyana\.m2\repository\io\netty\netty-buffer\4.1.77.Final\netty-buffer-4.1.77.Final.jar;C:\Users\dyana\.m2\repository\io\netty\netty-handler\4.1.77.Final\netty-handler-4.1.77.Final.jar;C:\Users\dyana\.m2\repository\io\netty\netty-transport-classes-epoll\4.1.77.Final\netty-transport-classes-epoll-4.1.77.Final.jar;C:\Users\dyana\.m2\repository\io\netty\netty-transport-native-unix-common\4.1.77.Final\netty-transport-native-unix-common-4.1.77.Final.jar;C:\Users\dyana\.m2\repository\org\junit\jupiter\junit-jupiter-api\5.9.1\junit-jupiter-api-5.9.1.jar;C:\Users\dyana\.m2\repository\org\opentest4j\opentest4j\1.2.0\opentest4j-1.2.0.jar;C:\Users\dyana\.m2\repository\org\junit\platform\junit-platform-commons\1.9.1\junit-platform-commons-1.9.1.jar;C:\Users\dyana\.m2\repository\org\apiguardian\apiguardian-api\1.1.2\apiguardian-api-1.1.2.jar;"/>
    <property name="java.vm.vendor" value="Oracle Corporation"/>
    <property name="sun.arch.data.model" value="64"/>
    <property name="user.variant" value=""/>
    <property name="java.vendor.url" value="https://java.oracle.com/"/>
    <property name="user.timezone" value="America/New_York"/>
    <property name="os.name" value="Windows 10"/>
    <property name="java.vm.specification.version" value="18"/>
    <property name="sun.java.launcher" value="SUN_STANDARD"/>
    <property name="user.country" value="US"/>
    <property name="sun.boot.library.path" value="C:\Users\dyana\Desktop\OpenJDK18\jdk-18.0.1.1\bin"/>
    <property name="sun.java.command" value="C:\Users\dyana\AppData\Local\Temp\surefire9165899155494173684\surefirebooter4445625134894175059.jar C:\Users\dyana\AppData\Local\Temp\surefire9165899155494173684 2022-10-05T16-16-09_343-jvmRun1 surefire9815610916846068103tmp surefire_012636004175416266556tmp"/>
    <property name="jdk.debug" value="release"/>
    <property name="surefire.test.class.path" value="C:\Users\dyana\IdeaProjects\UdaSecurityProject\UdaSecurityProject\catpoint-parent\target\test-classes;C:\Users\dyana\IdeaProjects\UdaSecurityProject\UdaSecurityProject\catpoint-parent\target\classes;C:\Users\dyana\.m2\repository\com\miglayout\miglayout-swing\5.2\miglayout-swing-5.2.jar;C:\Users\dyana\.m2\repository\com\miglayout\miglayout-core\5.2\miglayout-core-5.2.jar;C:\Users\dyana\.m2\repository\com\google\guava\guava\12.0.1\guava-12.0.1.jar;C:\Users\dyana\.m2\repository\com\google\code\findbugs\jsr305\1.3.9\jsr305-1.3.9.jar;C:\Users\dyana\.m2\repository\com\google\code\gson\gson\2.9.1\gson-2.9.1.jar;C:\Users\dyana\.m2\repository\org\slf4j\slf4j-api\2.0.3\slf4j-api-2.0.3.jar;C:\Users\dyana\.m2\repository\software\amazon\awssdk\auth\2.17.286\auth-2.17.286.jar;C:\Users\dyana\.m2\repository\software\amazon\awssdk\annotations\2.17.286\annotations-2.17.286.jar;C:\Users\dyana\.m2\repository\software\amazon\awssdk\utils\2.17.286\utils-2.17.286.jar;C:\Users\dyana\.m2\repository\org\reactivestreams\reactive-streams\1.0.3\reactive-streams-1.0.3.jar;C:\Users\dyana\.m2\repository\software\amazon\awssdk\sdk-core\2.17.286\sdk-core-2.17.286.jar;C:\Users\dyana\.m2\repository\software\amazon\awssdk\regions\2.17.286\regions-2.17.286.jar;C:\Users\dyana\.m2\repository\software\amazon\awssdk\profiles\2.17.286\profiles-2.17.286.jar;C:\Users\dyana\.m2\repository\software\amazon\awssdk\http-client-spi\2.17.286\http-client-spi-2.17.286.jar;C:\Users\dyana\.m2\repository\software\amazon\awssdk\json-utils\2.17.286\json-utils-2.17.286.jar;C:\Users\dyana\.m2\repository\software\amazon\awssdk\third-party-jackson-core\2.17.286\third-party-jackson-core-2.17.286.jar;C:\Users\dyana\.m2\repository\software\amazon\eventstream\eventstream\1.0.1\eventstream-1.0.1.jar;C:\Users\dyana\.m2\repository\software\amazon\awssdk\rekognition\2.17.286\rekognition-2.17.286.jar;C:\Users\dyana\.m2\repository\software\amazon\awssdk\aws-json-protocol\2.17.286\aws-json-protocol-2.17.286.jar;C:\Users\dyana\.m2\repository\software\amazon\awssdk\protocol-core\2.17.286\protocol-core-2.17.286.jar;C:\Users\dyana\.m2\repository\software\amazon\awssdk\aws-core\2.17.286\aws-core-2.17.286.jar;C:\Users\dyana\.m2\repository\software\amazon\awssdk\metrics-spi\2.17.286\metrics-spi-2.17.286.jar;C:\Users\dyana\.m2\repository\software\amazon\awssdk\apache-client\2.17.286\apache-client-2.17.286.jar;C:\Users\dyana\.m2\repository\org\apache\httpcomponents\httpclient\4.5.13\httpclient-4.5.13.jar;C:\Users\dyana\.m2\repository\commons-logging\commons-logging\1.2\commons-logging-1.2.jar;C:\Users\dyana\.m2\repository\commons-codec\commons-codec\1.11\commons-codec-1.11.jar;C:\Users\dyana\.m2\repository\org\apache\httpcomponents\httpcore\4.4.13\httpcore-4.4.13.jar;C:\Users\dyana\.m2\repository\software\amazon\awssdk\netty-nio-client\2.17.286\netty-nio-client-2.17.286.jar;C:\Users\dyana\.m2\repository\io\netty\netty-codec-http\4.1.77.Final\netty-codec-http-4.1.77.Final.jar;C:\Users\dyana\.m2\repository\io\netty\netty-codec-http2\4.1.77.Final\netty-codec-http2-4.1.77.Final.jar;C:\Users\dyana\.m2\repository\io\netty\netty-codec\4.1.77.Final\netty-codec-4.1.77.Final.jar;C:\Users\dyana\.m2\repository\io\netty\netty-transport\4.1.77.Final\netty-transport-4.1.77.Final.jar;C:\Users\dyana\.m2\repository\io\netty\netty-resolver\4.1.77.Final\netty-resolver-4.1.77.Final.jar;C:\Users\dyana\.m2\repository\io\netty\netty-common\4.1.77.Final\netty-common-4.1.77.Final.jar;C:\Users\dyana\.m2\repository\io\netty\netty-buffer\4.1.77.Final\netty-buffer-4.1.77.Final.jar;C:\Users\dyana\.m2\repository\io\netty\netty-handler\4.1.77.Final\netty-handler-4.1.77.Final.jar;C:\Users\dyana\.m2\repository\io\netty\netty-transport-classes-epoll\4.1.77.Final\netty-transport-classes-epoll-4.1.77.Final.jar;C:\Users\dyana\.m2\repository\io\netty\netty-transport-native-unix-common\4.1.77.Final\netty-transport-native-unix-common-4.1.77.Final.jar;C:\Users\dyana\.m2\repository\org\junit\jupiter\junit-jupiter-api\5.9.1\junit-jupiter-api-5.9.1.jar;C:\Users\dyana\.m2\repository\org\opentest4j\opentest4j\1.2.0\opentest4j-1.2.0.jar;C:\Users\dyana\.m2\repository\org\junit\platform\junit-platform-commons\1.9.1\junit-platform-commons-1.9.1.jar;C:\Users\dyana\.m2\repository\org\apiguardian\apiguardian-api\1.1.2\apiguardian-api-1.1.2.jar;"/>
    <property name="sun.cpu.endian" value="little"/>
    <property name="user.home" value="C:\Users\dyana"/>
    <property name="user.language" value="en"/>
    <property name="java.specification.vendor" value="Oracle Corporation"/>
    <property name="java.version.date" value="2022-04-22"/>
    <property name="java.home" value="C:\Users\dyana\Desktop\OpenJDK18\jdk-18.0.1.1"/>
    <property name="file.separator" value="\"/>
    <property name="basedir" value="C:\Users\dyana\IdeaProjects\UdaSecurityProject\UdaSecurityProject\catpoint-parent"/>
    <property name="java.vm.compressedOopsMode" value="Zero based"/>
    <property name="line.separator" value="&#10;"/>
    <property name="java.vm.specification.vendor" value="Oracle Corporation"/>
    <property name="java.specification.name" value="Java Platform API Specification"/>
    <property name="surefire.real.class.path" value="C:\Users\dyana\AppData\Local\Temp\surefire9165899155494173684\surefirebooter4445625134894175059.jar"/>
    <property name="user.script" value=""/>
    <property name="sun.management.compiler" value="HotSpot 64-Bit Tiered Compilers"/>
    <property name="java.runtime.version" value="18.0.1.1+2-6"/>
    <property name="user.name" value="dyana"/>
    <property name="path.separator" value=";"/>
    <property name="os.version" value="10.0"/>
    <property name="java.runtime.name" value="OpenJDK Runtime Environment"/>
    <property name="file.encoding" value="UTF-8"/>
    <property name="java.vm.name" value="OpenJDK 64-Bit Server VM"/>
    <property name="localRepository" value="C:\Users\dyana\.m2\repository"/>
    <property name="java.vendor.url.bug" value="https://bugreport.java.com/bugreport/"/>
    <property name="java.io.tmpdir" value="C:\Users\dyana\AppData\Local\Temp\"/>
    <property name="java.version" value="18.0.1.1"/>
    <property name="user.dir" value="C:\Users\dyana\IdeaProjects\UdaSecurityProject\UdaSecurityProject\catpoint-parent"/>
    <property name="os.arch" value="amd64"/>
    <property name="java.vm.specification.name" value="Java Virtual Machine Specification"/>
    <property name="sun.os.patch.level" value=""/>
    <property name="native.encoding" value="Cp1252"/>
    <property name="java.library.path" value="C:\Users\dyana\Desktop\OpenJDK18\jdk-18.0.1.1\bin;C:\WINDOWS\Sun\Java\bin;C:\WINDOWS\system32;C:\WINDOWS;C:\Users\dyana\Desktop\OpenJDK18\jdk-18.0.1.1\bin;C:\Python27\;C:\Python27\Scripts;C:\Program Files (x86)\iis express\PHP\v7.1;C:\WINDOWS\system32;C:\WINDOWS;C:\WINDOWS\System32\Wbem;C:\WINDOWS\System32\WindowsPowerShell\v1.0\;C:\Program Files\Git\cmd;C:\WINDOWS\System32\OpenSSH\;C:\Program Files\dotnet\;C:\Program Files\Microsoft SQL Server\130\Tools\Binn\;C:\Program Files\Microsoft SQL Server\Client SDK\ODBC\170\Tools\Binn\;C:\Ruby25-x64\bin;C:\Users\dyana\AppData\Local\Microsoft\WindowsApps;C:\Users\dyana\AppData\Roaming\npm;C:\WINDOWS\system32;C:\WINDOWS;C:\WINDOWS\System32\Wbem;C:\WINDOWS\System32\WindowsPowerShell\v1.0\;C:\WINDOWS\System32\OpenSSH\;C:\ProgramData\chocolatey\bin;C:\Program Files\nodejs\;C:\Users\dyana\Desktop\apache-maven-3.8.6\bin;C:\Ruby25-x64\bin;C:\Users\dyana\AppData\Local\Microsoft\WindowsApps;C:\Program Files (x86)\heroku\bin;C:\Users\dyana\AppData\Local\Programs\Microsoft VS Code\bin;C:\Program Files\heroku\bin;C:\Users\dyana\AppData\Roaming\npm;."/>
    <property name="java.vm.info" value="mixed mode, sharing"/>
    <property name="java.vendor" value="Oracle Corporation"/>
    <property name="java.vm.version" value="18.0.1.1+2-6"/>
    <property name="sun.io.unicode.encoding" value="UnicodeLittle"/>
    <property name="java.class.version" value="62.0"/>
  </properties>
</testsuite>